<?xml version="1.0" encoding="UTF-8"?>
<!-- Generated by org.testng.reporters.JUnitReportReporter -->
<testsuite hostname="sindhu-pc" failures="0" tests="1" name="driverFactory.DriverScript" time="0.005" errors="1" timestamp="22 Dec 2023 16:13:59 GMT">
  <testcase classname="driverFactory.DriverScript" name="starTest" time="0.005">
    <error message="chrome not reachable
Build info: version: &#039;3.14.0&#039;, revision: &#039;aacccce0&#039;, time: &#039;2018-08-02T20:13:22.693Z&#039;
System info: host: &#039;SINDHU-PC&#039;, ip: &#039;192.168.0.134&#039;, os.name: &#039;Windows 10&#039;, os.arch: &#039;amd64&#039;, os.version: &#039;10.0&#039;, java.version: &#039;11.0.16&#039;
Driver info: driver.version: ChromeDriver
remote stacktrace: 	GetHandleVerifier [0x00007FF6B40282B2+55298]
	(No symbol) [0x00007FF6B3F95E02]
	(No symbol) [0x00007FF6B3E5045D]
	(No symbol) [0x00007FF6B3E41DD0]
	(No symbol) [0x00007FF6B3E831F4]
	(No symbol) [0x00007FF6B3E7EC6C]
	(No symbol) [0x00007FF6B3E7B30E]
	(No symbol) [0x00007FF6B3EBA198]
	(No symbol) [0x00007FF6B3EB9CB0]
	(No symbol) [0x00007FF6B3EB1E83]
	(No symbol) [0x00007FF6B3E8670A]
	(No symbol) [0x00007FF6B3E87964]
	GetHandleVerifier [0x00007FF6B43A0AAB+3694587]
	GetHandleVerifier [0x00007FF6B43F728E+4048862]
	GetHandleVerifier [0x00007FF6B43EF173+4015811]
	GetHandleVerifier [0x00007FF6B40C47D6+695590]
	(No symbol) [0x00007FF6B3FA0CE8]
	(No symbol) [0x00007FF6B3F9CF34]
	(No symbol) [0x00007FF6B3F9D062]
	(No symbol) [0x00007FF6B3F8D3A3]
	BaseThreadInitThunk [0x00007FF9CAD57344+20]
	RtlUserThreadStart [0x00007FF9CB2A26B1+33]
" type="org.openqa.selenium.WebDriverException">
      <![CDATA[org.openqa.selenium.WebDriverException: chrome not reachable
Build info: version: '3.14.0', revision: 'aacccce0', time: '2018-08-02T20:13:22.693Z'
System info: host: 'SINDHU-PC', ip: '192.168.0.134', os.name: 'Windows 10', os.arch: 'amd64', os.version: '10.0', java.version: '11.0.16'
Driver info: driver.version: ChromeDriver
remote stacktrace: 	GetHandleVerifier [0x00007FF6B40282B2+55298]
	(No symbol) [0x00007FF6B3F95E02]
	(No symbol) [0x00007FF6B3E5045D]
	(No symbol) [0x00007FF6B3E41DD0]
	(No symbol) [0x00007FF6B3E831F4]
	(No symbol) [0x00007FF6B3E7EC6C]
	(No symbol) [0x00007FF6B3E7B30E]
	(No symbol) [0x00007FF6B3EBA198]
	(No symbol) [0x00007FF6B3EB9CB0]
	(No symbol) [0x00007FF6B3EB1E83]
	(No symbol) [0x00007FF6B3E8670A]
	(No symbol) [0x00007FF6B3E87964]
	GetHandleVerifier [0x00007FF6B43A0AAB+3694587]
	GetHandleVerifier [0x00007FF6B43F728E+4048862]
	GetHandleVerifier [0x00007FF6B43EF173+4015811]
	GetHandleVerifier [0x00007FF6B40C47D6+695590]
	(No symbol) [0x00007FF6B3FA0CE8]
	(No symbol) [0x00007FF6B3F9CF34]
	(No symbol) [0x00007FF6B3F9D062]
	(No symbol) [0x00007FF6B3F8D3A3]
	BaseThreadInitThunk [0x00007FF9CAD57344+20]
	RtlUserThreadStart [0x00007FF9CB2A26B1+33]

	at java.base/jdk.internal.reflect.NativeConstructorAccessorImpl.newInstance0(Native Method)
	at java.base/jdk.internal.reflect.NativeConstructorAccessorImpl.newInstance(NativeConstructorAccessorImpl.java:62)
	at java.base/jdk.internal.reflect.DelegatingConstructorAccessorImpl.newInstance(DelegatingConstructorAccessorImpl.java:45)
	at java.base/java.lang.reflect.Constructor.newInstance(Constructor.java:490)
	at org.openqa.selenium.remote.W3CHandshakeResponse.lambda$new$0(W3CHandshakeResponse.java:57)
	at org.openqa.selenium.remote.W3CHandshakeResponse.lambda$getResponseFunction$2(W3CHandshakeResponse.java:104)
	at org.openqa.selenium.remote.ProtocolHandshake.lambda$createSession$0(ProtocolHandshake.java:122)
	at java.base/java.util.stream.ReferencePipeline$3$1.accept(ReferencePipeline.java:195)
	at java.base/java.util.Spliterators$ArraySpliterator.tryAdvance(Spliterators.java:958)
	at java.base/java.util.stream.ReferencePipeline.forEachWithCancel(ReferencePipeline.java:127)
	at java.base/java.util.stream.AbstractPipeline.copyIntoWithCancel(AbstractPipeline.java:502)
	at java.base/java.util.stream.AbstractPipeline.copyInto(AbstractPipeline.java:488)
	at java.base/java.util.stream.AbstractPipeline.wrapAndCopyInto(AbstractPipeline.java:474)
	at java.base/java.util.stream.FindOps$FindOp.evaluateSequential(FindOps.java:150)
	at java.base/java.util.stream.AbstractPipeline.evaluate(AbstractPipeline.java:234)
	at java.base/java.util.stream.ReferencePipeline.findFirst(ReferencePipeline.java:543)
	at org.openqa.selenium.remote.ProtocolHandshake.createSession(ProtocolHandshake.java:125)
	at org.openqa.selenium.remote.ProtocolHandshake.createSession(ProtocolHandshake.java:73)
	at org.openqa.selenium.remote.HttpCommandExecutor.execute(HttpCommandExecutor.java:136)
	at org.openqa.selenium.remote.service.DriverCommandExecutor.execute(DriverCommandExecutor.java:83)
	at org.openqa.selenium.remote.RemoteWebDriver.execute(RemoteWebDriver.java:548)
	at org.openqa.selenium.remote.RemoteWebDriver.startSession(RemoteWebDriver.java:212)
	at org.openqa.selenium.remote.RemoteWebDriver.<init>(RemoteWebDriver.java:130)
	at org.openqa.selenium.chrome.ChromeDriver.<init>(ChromeDriver.java:181)
	at org.openqa.selenium.chrome.ChromeDriver.<init>(ChromeDriver.java:168)
	at org.openqa.selenium.chrome.ChromeDriver.<init>(ChromeDriver.java:123)
	at config.Apputil.setUp(Apputil.java:32)
	at java.base/jdk.internal.reflect.NativeMethodAccessorImpl.invoke0(Native Method)
	at java.base/jdk.internal.reflect.NativeMethodAccessorImpl.invoke(NativeMethodAccessorImpl.java:62)
	at java.base/jdk.internal.reflect.DelegatingMethodAccessorImpl.invoke(DelegatingMethodAccessorImpl.java:43)
	at java.base/java.lang.reflect.Method.invoke(Method.java:566)
	at org.testng.internal.MethodInvocationHelper.invokeMethod(MethodInvocationHelper.java:85)
	at org.testng.internal.Invoker.invokeConfigurationMethod(Invoker.java:510)
	at org.testng.internal.Invoker.invokeConfigurations(Invoker.java:211)
	at org.testng.internal.Invoker.invokeConfigurations(Invoker.java:138)
	at org.testng.TestRunner.beforeRun(TestRunner.java:648)
	at org.testng.TestRunner.run(TestRunner.java:616)
	at org.testng.SuiteRunner.runTest(SuiteRunner.java:359)
	at org.testng.SuiteRunner.runSequentially(SuiteRunner.java:354)
	at org.testng.SuiteRunner.privateRun(SuiteRunner.java:312)
	at org.testng.SuiteRunner.run(SuiteRunner.java:261)
	at org.testng.SuiteRunnerWorker.runSuite(SuiteRunnerWorker.java:52)
	at org.testng.SuiteRunnerWorker.run(SuiteRunnerWorker.java:86)
	at org.testng.TestNG.runSuitesSequentially(TestNG.java:1215)
	at org.testng.TestNG.runSuitesLocally(TestNG.java:1140)
	at org.testng.TestNG.run(TestNG.java:1048)
	at org.testng.remote.AbstractRemoteTestNG.run(AbstractRemoteTestNG.java:115)
	at org.testng.remote.RemoteTestNG.initAndRun(RemoteTestNG.java:251)
	at org.testng.remote.RemoteTestNG.main(RemoteTestNG.java:77)
]]>
    </error>
  </testcase> <!-- starTest -->
</testsuite> <!-- driverFactory.DriverScript -->
